<?xml version="1.0" encoding="UTF-8"?>
<!-- Generated by org.testng.reporters.JUnitReportReporter -->
<testsuite hostname="Jai" name="com.devfactory.testng.test.TestExerciseIntro" tests="1" failures="0" timestamp="25 Nov 2015 06:13:44 GMT" time="0.000" errors="0">
  <testcase name="testPositiveHelloWorld" time="0.000" classname="com.devfactory.testng.test.TestExerciseIntro"/>
</testsuite> <!-- com.devfactory.testng.test.TestExerciseIntro -->
