<?xml version="1.0" encoding="UTF-8"?>
<!-- Generated by org.testng.reporters.JUnitReportReporter -->
<testsuite hostname="Jai" name="com.devfactory.testng.test.TestHelloWorld" tests="1" failures="0" timestamp="25 Nov 2015 06:13:44 GMT" time="0.001" errors="0">
  <testcase name="testPositiveHelloWorld" time="0.001" classname="com.devfactory.testng.test.TestHelloWorld"/>
</testsuite> <!-- com.devfactory.testng.test.TestHelloWorld -->
